<?xml version="1.0" encoding="utf-8"?><testsuites><testsuite errors="0" failures="0" hostname="DESKTOP-27FPQ5N" name="pytest" skipped="0" tests="4" time="28.786" timestamp="2021-02-26T22:16:21.470971"><testcase classname="test_HomePage.TestHomePage" file="test_HomePage.py" line="13" name="test_formsubmission[getData0]" time="8.929"></testcase><testcase classname="test_HomePage.TestHomePage" file="..\utilities\BaseClass.py" line="13" name="test_loggingDemo2" time="0.547"></testcase><testcase classname="test_e2e.TestOne" file="test_e2e.py" line="17" name="test_e2e" time="18.244"></testcase><testcase classname="test_e2e.TestOne" file="..\utilities\BaseClass.py" line="13" name="test_loggingDemo2" time="0.201"></testcase></testsuite></testsuites>